The system is: Windows - 10.0.19041 - AMD64
Compiling the C compiler identification source file "CMakeCCompilerId.c" succeeded.
Compiler:  
Build flags: ;-nologo;-MD;-Brepro
Id flags:  

The output was:
0
Microsoft (R) Build Engine version 16.6.0+5ff7b0c9e for .NET Framework
Copyright (C) Microsoft Corporation. All rights reserved.

Build started 2020-10-29 12:34:53.
Project "C:\Users\Ludwig Bogsveen\Documents\Programming\Rust\game_engine_project\rust_engine_renderer\target\debug\build\freetype-sys-20de6e5654c6cac2\out\build\CMakeFiles\3.17.1\CompilerIdC\CompilerIdC.vcxproj" on node 1 (default targets).
PrepareForBuild:
  Creating directory "Debug\".
  Creating directory "Debug\CompilerIdC.tlog\".
InitializeBuildStatus:
  Creating "Debug\CompilerIdC.tlog\unsuccessfulbuild" because "AlwaysCreate" was specified.
ClCompile:
  C:\Program Files (x86)\Microsoft Visual Studio\2019\Community\VC\Tools\MSVC\14.26.28801\bin\HostX64\x64\CL.exe /c /nologo /W0 /WX- /diagnostics:column /Od /D _MBCS /Gm- /EHsc /RTC1 /MDd /GS /fp:precise /Zc:wchar_t /Zc:forScope /Zc:inline /Fo"Debug\\" /Fd"Debug\vc142.pdb" /Gd /TC /FC /errorReport:queue CMakeCCompilerId.c
  CMakeCCompilerId.c
Link:
  C:\Program Files (x86)\Microsoft Visual Studio\2019\Community\VC\Tools\MSVC\14.26.28801\bin\HostX64\x64\link.exe /ERRORREPORT:QUEUE /OUT:".\CompilerIdC.exe" /INCREMENTAL:NO /NOLOGO kernel32.lib user32.lib gdi32.lib winspool.lib comdlg32.lib advapi32.lib shell32.lib ole32.lib oleaut32.lib uuid.lib odbc32.lib odbccp32.lib /MANIFEST /MANIFESTUAC:"level='asInvoker' uiAccess='false'" /manifest:embed /PDB:".\CompilerIdC.pdb" /SUBSYSTEM:CONSOLE /TLBID:1 /DYNAMICBASE /NXCOMPAT /IMPLIB:".\CompilerIdC.lib" /MACHINE:X64 Debug\CMakeCCompilerId.obj
  CompilerIdC.vcxproj -> C:\Users\Ludwig Bogsveen\Documents\Programming\Rust\game_engine_project\rust_engine_renderer\target\debug\build\freetype-sys-20de6e5654c6cac2\out\build\CMakeFiles\3.17.1\CompilerIdC\.\CompilerIdC.exe
PostBuildEvent:
  for %%i in (cl.exe) do @echo CMAKE_C_COMPILER=%%~$PATH:i
  :VCEnd
  CMAKE_C_COMPILER=C:\Program Files (x86)\Microsoft Visual Studio\2019\Community\VC\Tools\MSVC\14.26.28801\bin\Hostx64\x64\cl.exe
FinalizeBuildStatus:
  Deleting file "Debug\CompilerIdC.tlog\unsuccessfulbuild".
  Touching "Debug\CompilerIdC.tlog\CompilerIdC.lastbuildstate".
Done Building Project "C:\Users\Ludwig Bogsveen\Documents\Programming\Rust\game_engine_project\rust_engine_renderer\target\debug\build\freetype-sys-20de6e5654c6cac2\out\build\CMakeFiles\3.17.1\CompilerIdC\CompilerIdC.vcxproj" (default targets).

Build succeeded.
    0 Warning(s)
    0 Error(s)

Time Elapsed 00:00:01.46


Compilation of the C compiler identification source "CMakeCCompilerId.c" produced "CompilerIdC.exe"

Compilation of the C compiler identification source "CMakeCCompilerId.c" produced "CompilerIdC.vcxproj"

The C compiler identification is MSVC, found in "C:/Users/Ludwig Bogsveen/Documents/Programming/Rust/game_engine_project/rust_engine_renderer/target/debug/build/freetype-sys-20de6e5654c6cac2/out/build/CMakeFiles/3.17.1/CompilerIdC/CompilerIdC.exe"

Compiling the CXX compiler identification source file "CMakeCXXCompilerId.cpp" succeeded.
Compiler:  
Build flags: ;-nologo;-MD;-Brepro
Id flags:  

The output was:
0
Microsoft (R) Build Engine version 16.6.0+5ff7b0c9e for .NET Framework
Copyright (C) Microsoft Corporation. All rights reserved.

Build started 2020-10-29 12:34:55.
Project "C:\Users\Ludwig Bogsveen\Documents\Programming\Rust\game_engine_project\rust_engine_renderer\target\debug\build\freetype-sys-20de6e5654c6cac2\out\build\CMakeFiles\3.17.1\CompilerIdCXX\CompilerIdCXX.vcxproj" on node 1 (default targets).
PrepareForBuild:
  Creating directory "Debug\".
  Creating directory "Debug\CompilerIdCXX.tlog\".
InitializeBuildStatus:
  Creating "Debug\CompilerIdCXX.tlog\unsuccessfulbuild" because "AlwaysCreate" was specified.
ClCompile:
  C:\Program Files (x86)\Microsoft Visual Studio\2019\Community\VC\Tools\MSVC\14.26.28801\bin\HostX64\x64\CL.exe /c /nologo /W0 /WX- /diagnostics:column /Od /D _MBCS /Gm- /EHsc /RTC1 /MDd /GS /fp:precise /Zc:wchar_t /Zc:forScope /Zc:inline /Fo"Debug\\" /Fd"Debug\vc142.pdb" /Gd /TP /FC /errorReport:queue CMakeCXXCompilerId.cpp
  CMakeCXXCompilerId.cpp
Link:
  C:\Program Files (x86)\Microsoft Visual Studio\2019\Community\VC\Tools\MSVC\14.26.28801\bin\HostX64\x64\link.exe /ERRORREPORT:QUEUE /OUT:".\CompilerIdCXX.exe" /INCREMENTAL:NO /NOLOGO kernel32.lib user32.lib gdi32.lib winspool.lib comdlg32.lib advapi32.lib shell32.lib ole32.lib oleaut32.lib uuid.lib odbc32.lib odbccp32.lib /MANIFEST /MANIFESTUAC:"level='asInvoker' uiAccess='false'" /manifest:embed /PDB:".\CompilerIdCXX.pdb" /SUBSYSTEM:CONSOLE /TLBID:1 /DYNAMICBASE /NXCOMPAT /IMPLIB:".\CompilerIdCXX.lib" /MACHINE:X64 Debug\CMakeCXXCompilerId.obj
  CompilerIdCXX.vcxproj -> C:\Users\Ludwig Bogsveen\Documents\Programming\Rust\game_engine_project\rust_engine_renderer\target\debug\build\freetype-sys-20de6e5654c6cac2\out\build\CMakeFiles\3.17.1\CompilerIdCXX\.\CompilerIdCXX.exe
PostBuildEvent:
  for %%i in (cl.exe) do @echo CMAKE_CXX_COMPILER=%%~$PATH:i
  :VCEnd
  CMAKE_CXX_COMPILER=C:\Program Files (x86)\Microsoft Visual Studio\2019\Community\VC\Tools\MSVC\14.26.28801\bin\Hostx64\x64\cl.exe
FinalizeBuildStatus:
  Deleting file "Debug\CompilerIdCXX.tlog\unsuccessfulbuild".
  Touching "Debug\CompilerIdCXX.tlog\CompilerIdCXX.lastbuildstate".
Done Building Project "C:\Users\Ludwig Bogsveen\Documents\Programming\Rust\game_engine_project\rust_engine_renderer\target\debug\build\freetype-sys-20de6e5654c6cac2\out\build\CMakeFiles\3.17.1\CompilerIdCXX\CompilerIdCXX.vcxproj" (default targets).

Build succeeded.
    0 Warning(s)
    0 Error(s)

Time Elapsed 00:00:01.02


Compilation of the CXX compiler identification source "CMakeCXXCompilerId.cpp" produced "CompilerIdCXX.exe"

Compilation of the CXX compiler identification source "CMakeCXXCompilerId.cpp" produced "CompilerIdCXX.vcxproj"

The CXX compiler identification is MSVC, found in "C:/Users/Ludwig Bogsveen/Documents/Programming/Rust/game_engine_project/rust_engine_renderer/target/debug/build/freetype-sys-20de6e5654c6cac2/out/build/CMakeFiles/3.17.1/CompilerIdCXX/CompilerIdCXX.exe"

Determining if the C compiler works passed with the following output:
Change Dir: C:/Users/Ludwig Bogsveen/Documents/Programming/Rust/game_engine_project/rust_engine_renderer/target/debug/build/freetype-sys-20de6e5654c6cac2/out/build/CMakeFiles/CMakeTmp

Run Build Command(s):C:/Program Files (x86)/Microsoft Visual Studio/2019/Community/MSBuild/Current/Bin/MSBuild.exe cmTC_d6052.vcxproj /p:Configuration=Debug /p:Platform=x64 /p:VisualStudioVersion=16.0 /v:m && Microsoft (R) Build Engine version 16.6.0+5ff7b0c9e for .NET Framework
Copyright (C) Microsoft Corporation. All rights reserved.

  testCCompiler.c
  cmTC_d6052.vcxproj -> C:\Users\Ludwig Bogsveen\Documents\Programming\Rust\game_engine_project\rust_engine_renderer\target\debug\build\freetype-sys-20de6e5654c6cac2\out\build\CMakeFiles\CMakeTmp\Debug\cmTC_d6052.exe



Detecting C compiler ABI info compiled with the following output:
Change Dir: C:/Users/Ludwig Bogsveen/Documents/Programming/Rust/game_engine_project/rust_engine_renderer/target/debug/build/freetype-sys-20de6e5654c6cac2/out/build/CMakeFiles/CMakeTmp

Run Build Command(s):C:/Program Files (x86)/Microsoft Visual Studio/2019/Community/MSBuild/Current/Bin/MSBuild.exe cmTC_458b0.vcxproj /p:Configuration=Debug /p:Platform=x64 /p:VisualStudioVersion=16.0 /v:m && Microsoft (R) Build Engine version 16.6.0+5ff7b0c9e for .NET Framework
Copyright (C) Microsoft Corporation. All rights reserved.

  CMakeCCompilerABI.c
  cmTC_458b0.vcxproj -> C:\Users\Ludwig Bogsveen\Documents\Programming\Rust\game_engine_project\rust_engine_renderer\target\debug\build\freetype-sys-20de6e5654c6cac2\out\build\CMakeFiles\CMakeTmp\Debug\cmTC_458b0.exe



Determining if the CXX compiler works passed with the following output:
Change Dir: C:/Users/Ludwig Bogsveen/Documents/Programming/Rust/game_engine_project/rust_engine_renderer/target/debug/build/freetype-sys-20de6e5654c6cac2/out/build/CMakeFiles/CMakeTmp

Run Build Command(s):C:/Program Files (x86)/Microsoft Visual Studio/2019/Community/MSBuild/Current/Bin/MSBuild.exe cmTC_15fd1.vcxproj /p:Configuration=Debug /p:Platform=x64 /p:VisualStudioVersion=16.0 /v:m && Microsoft (R) Build Engine version 16.6.0+5ff7b0c9e for .NET Framework
Copyright (C) Microsoft Corporation. All rights reserved.

  testCXXCompiler.cxx
  cmTC_15fd1.vcxproj -> C:\Users\Ludwig Bogsveen\Documents\Programming\Rust\game_engine_project\rust_engine_renderer\target\debug\build\freetype-sys-20de6e5654c6cac2\out\build\CMakeFiles\CMakeTmp\Debug\cmTC_15fd1.exe



Detecting CXX compiler ABI info compiled with the following output:
Change Dir: C:/Users/Ludwig Bogsveen/Documents/Programming/Rust/game_engine_project/rust_engine_renderer/target/debug/build/freetype-sys-20de6e5654c6cac2/out/build/CMakeFiles/CMakeTmp

Run Build Command(s):C:/Program Files (x86)/Microsoft Visual Studio/2019/Community/MSBuild/Current/Bin/MSBuild.exe cmTC_79479.vcxproj /p:Configuration=Debug /p:Platform=x64 /p:VisualStudioVersion=16.0 /v:m && Microsoft (R) Build Engine version 16.6.0+5ff7b0c9e for .NET Framework
Copyright (C) Microsoft Corporation. All rights reserved.

  CMakeCXXCompilerABI.cpp
  cmTC_79479.vcxproj -> C:\Users\Ludwig Bogsveen\Documents\Programming\Rust\game_engine_project\rust_engine_renderer\target\debug\build\freetype-sys-20de6e5654c6cac2\out\build\CMakeFiles\CMakeTmp\Debug\cmTC_79479.exe



